[11444:11444:0416/180537.805180:WARNING:chrome_main_delegate.cc(740)] This is Chrome version 123.0.6312.122 (not a warning)
[11444:11444:0416/180537.916582:INFO:policy_logger.cc(145)] :components/policy/core/common/config_dir_policy_loader.cc(118) Skipping mandatory platform policies because no policy file was found at: /etc/opt/chrome/policies/managed
[11444:11444:0416/180537.916687:INFO:policy_logger.cc(145)] :components/policy/core/common/config_dir_policy_loader.cc(118) Skipping recommended platform policies because no policy file was found at: /etc/opt/chrome/policies/recommended
[11444:11444:0416/180538.445959:INFO:policy_logger.cc(145)] :components/enterprise/browser/controller/chrome_browser_cloud_management_controller.cc(168) Starting CBCM Controller Initialization
[11444:11444:0416/180538.446063:INFO:policy_logger.cc(145)] :components/enterprise/browser/controller/chrome_browser_cloud_management_controller.cc(196) No machine level policy manager exists.
[11493:11493:0416/180538.985754:ERROR:gbm_wrapper.cc(72)] Failed to get fd for plane.: Aucun fichier ou dossier de ce nom (2)
[11493:11493:0416/180538.986435:ERROR:gbm_wrapper.cc(255)] Failed to export buffer to dma_buf: Aucun fichier ou dossier de ce nom (2)
[11493:11493:0416/180538.986859:ERROR:gbm_wrapper.cc(72)] Failed to get fd for plane.: Aucun fichier ou dossier de ce nom (2)
[11493:11493:0416/180538.987171:ERROR:gbm_wrapper.cc(255)] Failed to export buffer to dma_buf: Aucun fichier ou dossier de ce nom (2)
[11493:11493:0416/180538.987393:ERROR:gbm_wrapper.cc(72)] Failed to get fd for plane.: Aucun fichier ou dossier de ce nom (2)
[11493:11493:0416/180538.987699:ERROR:gbm_wrapper.cc(255)] Failed to export buffer to dma_buf: Aucun fichier ou dossier de ce nom (2)
[11493:11493:0416/180538.987997:ERROR:gbm_wrapper.cc(72)] Failed to get fd for plane.: Aucun fichier ou dossier de ce nom (2)
[11493:11493:0416/180538.988306:ERROR:gbm_wrapper.cc(255)] Failed to export buffer to dma_buf: Aucun fichier ou dossier de ce nom (2)
[11493:11493:0416/180538.988617:ERROR:gbm_wrapper.cc(72)] Failed to get fd for plane.: Aucun fichier ou dossier de ce nom (2)
[11493:11493:0416/180538.988925:ERROR:gbm_wrapper.cc(255)] Failed to export buffer to dma_buf: Aucun fichier ou dossier de ce nom (2)
[11493:11493:0416/180538.989072:ERROR:gbm_wrapper.cc(72)] Failed to get fd for plane.: Aucun fichier ou dossier de ce nom (2)
[11493:11493:0416/180538.989385:ERROR:gbm_wrapper.cc(255)] Failed to export buffer to dma_buf: Aucun fichier ou dossier de ce nom (2)
[11493:11493:0416/180538.989535:ERROR:gbm_wrapper.cc(72)] Failed to get fd for plane.: Aucun fichier ou dossier de ce nom (2)
[11493:11493:0416/180538.989814:ERROR:gbm_wrapper.cc(255)] Failed to export buffer to dma_buf: Aucun fichier ou dossier de ce nom (2)
[11493:11493:0416/180538.989944:ERROR:gbm_wrapper.cc(72)] Failed to get fd for plane.: Aucun fichier ou dossier de ce nom (2)
[11493:11493:0416/180538.990217:ERROR:gbm_wrapper.cc(255)] Failed to export buffer to dma_buf: Aucun fichier ou dossier de ce nom (2)
[11493:11493:0416/180538.990415:ERROR:gbm_wrapper.cc(72)] Failed to get fd for plane.: Aucun fichier ou dossier de ce nom (2)
[11493:11493:0416/180538.990710:ERROR:gbm_wrapper.cc(255)] Failed to export buffer to dma_buf: Aucun fichier ou dossier de ce nom (2)
[11493:11493:0416/180538.991016:ERROR:gbm_wrapper.cc(72)] Failed to get fd for plane.: Aucun fichier ou dossier de ce nom (2)
[11493:11493:0416/180538.991130:ERROR:gbm_wrapper.cc(255)] Failed to export buffer to dma_buf: Aucun fichier ou dossier de ce nom (2)
[11493:11493:0416/180538.991505:ERROR:gbm_wrapper.cc(72)] Failed to get fd for plane.: Aucun fichier ou dossier de ce nom (2)
[11493:11493:0416/180538.991629:ERROR:gbm_wrapper.cc(255)] Failed to export buffer to dma_buf: Aucun fichier ou dossier de ce nom (2)
[11493:11493:0416/180538.991960:ERROR:gbm_wrapper.cc(72)] Failed to get fd for plane.: Aucun fichier ou dossier de ce nom (2)
[11493:11493:0416/180538.992285:ERROR:gbm_wrapper.cc(255)] Failed to export buffer to dma_buf: Aucun fichier ou dossier de ce nom (2)
[11493:11493:0416/180538.992478:ERROR:gbm_wrapper.cc(72)] Failed to get fd for plane.: Aucun fichier ou dossier de ce nom (2)
[11493:11493:0416/180538.992788:ERROR:gbm_wrapper.cc(255)] Failed to export buffer to dma_buf: Aucun fichier ou dossier de ce nom (2)
[11493:11493:0416/180538.992934:ERROR:gbm_wrapper.cc(72)] Failed to get fd for plane.: Aucun fichier ou dossier de ce nom (2)
[11493:11493:0416/180538.993224:ERROR:gbm_wrapper.cc(255)] Failed to export buffer to dma_buf: Aucun fichier ou dossier de ce nom (2)
[11493:11493:0416/180538.993452:ERROR:gbm_wrapper.cc(72)] Failed to get fd for plane.: Aucun fichier ou dossier de ce nom (2)
[11493:11493:0416/180538.993725:ERROR:gbm_wrapper.cc(255)] Failed to export buffer to dma_buf: Aucun fichier ou dossier de ce nom (2)
[11493:11493:0416/180538.994826:ERROR:gbm_wrapper.cc(72)] Failed to get fd for plane.: Aucun fichier ou dossier de ce nom (2)
[11493:11493:0416/180538.995181:ERROR:gbm_wrapper.cc(255)] Failed to export buffer to dma_buf: Aucun fichier ou dossier de ce nom (2)
[11493:11493:0416/180538.995982:ERROR:gbm_wrapper.cc(72)] Failed to get fd for plane.: Aucun fichier ou dossier de ce nom (2)
[11493:11493:0416/180538.996166:ERROR:gbm_wrapper.cc(255)] Failed to export buffer to dma_buf: Aucun fichier ou dossier de ce nom (2)
[11493:11493:0416/180538.996361:ERROR:gbm_wrapper.cc(72)] Failed to get fd for plane.: Aucun fichier ou dossier de ce nom (2)
[11493:11493:0416/180538.996536:ERROR:gbm_wrapper.cc(255)] Failed to export buffer to dma_buf: Aucun fichier ou dossier de ce nom (2)
[11493:11493:0416/180538.996898:ERROR:gbm_wrapper.cc(72)] Failed to get fd for plane.: Aucun fichier ou dossier de ce nom (2)
[11493:11493:0416/180538.997715:ERROR:gbm_wrapper.cc(255)] Failed to export buffer to dma_buf: Aucun fichier ou dossier de ce nom (2)
[11493:11493:0416/180538.997934:ERROR:gbm_wrapper.cc(72)] Failed to get fd for plane.: Aucun fichier ou dossier de ce nom (2)
[11493:11493:0416/180538.998035:ERROR:gbm_wrapper.cc(255)] Failed to export buffer to dma_buf: Aucun fichier ou dossier de ce nom (2)
[11493:11493:0416/180538.998151:ERROR:gbm_wrapper.cc(72)] Failed to get fd for plane.: Aucun fichier ou dossier de ce nom (2)
[11493:11493:0416/180538.998295:ERROR:gbm_wrapper.cc(255)] Failed to export buffer to dma_buf: Aucun fichier ou dossier de ce nom (2)
[11493:11493:0416/180538.998422:ERROR:gbm_wrapper.cc(72)] Failed to get fd for plane.: Aucun fichier ou dossier de ce nom (2)
[11493:11493:0416/180538.998634:ERROR:gbm_wrapper.cc(255)] Failed to export buffer to dma_buf: Aucun fichier ou dossier de ce nom (2)
[11493:11493:0416/180538.999559:ERROR:gbm_wrapper.cc(72)] Failed to get fd for plane.: Aucun fichier ou dossier de ce nom (2)
[11493:11493:0416/180538.999761:ERROR:gbm_wrapper.cc(255)] Failed to export buffer to dma_buf: Aucun fichier ou dossier de ce nom (2)
[11493:11493:0416/180538.999955:ERROR:gbm_wrapper.cc(72)] Failed to get fd for plane.: Aucun fichier ou dossier de ce nom (2)
[11493:11493:0416/180539.000111:ERROR:gbm_wrapper.cc(255)] Failed to export buffer to dma_buf: Aucun fichier ou dossier de ce nom (2)
[11493:11493:0416/180539.000320:ERROR:gbm_wrapper.cc(72)] Failed to get fd for plane.: Aucun fichier ou dossier de ce nom (2)
[11493:11493:0416/180539.000471:ERROR:gbm_wrapper.cc(255)] Failed to export buffer to dma_buf: Aucun fichier ou dossier de ce nom (2)
[11493:11493:0416/180539.000611:ERROR:gbm_wrapper.cc(72)] Failed to get fd for plane.: Aucun fichier ou dossier de ce nom (2)
[11493:11493:0416/180539.000716:ERROR:gbm_wrapper.cc(255)] Failed to export buffer to dma_buf: Aucun fichier ou dossier de ce nom (2)
[11493:11493:0416/180539.000841:ERROR:gbm_wrapper.cc(72)] Failed to get fd for plane.: Aucun fichier ou dossier de ce nom (2)
[11493:11493:0416/180539.000954:ERROR:gbm_wrapper.cc(255)] Failed to export buffer to dma_buf: Aucun fichier ou dossier de ce nom (2)
[11493:11493:0416/180539.001079:ERROR:gbm_wrapper.cc(72)] Failed to get fd for plane.: Aucun fichier ou dossier de ce nom (2)
[11493:11493:0416/180539.001179:ERROR:gbm_wrapper.cc(255)] Failed to export buffer to dma_buf: Aucun fichier ou dossier de ce nom (2)
[11493:11493:0416/180539.001359:ERROR:gbm_wrapper.cc(72)] Failed to get fd for plane.: Aucun fichier ou dossier de ce nom (2)
[11493:11493:0416/180539.001459:ERROR:gbm_wrapper.cc(255)] Failed to export buffer to dma_buf: Aucun fichier ou dossier de ce nom (2)
[11493:11493:0416/180539.001587:ERROR:gbm_wrapper.cc(72)] Failed to get fd for plane.: Aucun fichier ou dossier de ce nom (2)
[11493:11493:0416/180539.001688:ERROR:gbm_wrapper.cc(255)] Failed to export buffer to dma_buf: Aucun fichier ou dossier de ce nom (2)
[11493:11493:0416/180539.001809:ERROR:gbm_wrapper.cc(72)] Failed to get fd for plane.: Aucun fichier ou dossier de ce nom (2)
[11493:11493:0416/180539.001911:ERROR:gbm_wrapper.cc(255)] Failed to export buffer to dma_buf: Aucun fichier ou dossier de ce nom (2)
[11493:11493:0416/180539.002037:ERROR:gbm_wrapper.cc(72)] Failed to get fd for plane.: Aucun fichier ou dossier de ce nom (2)
[11493:11493:0416/180539.002136:ERROR:gbm_wrapper.cc(255)] Failed to export buffer to dma_buf: Aucun fichier ou dossier de ce nom (2)
[11493:11493:0416/180539.002291:ERROR:gbm_wrapper.cc(72)] Failed to get fd for plane.: Aucun fichier ou dossier de ce nom (2)
[11493:11493:0416/180539.002469:ERROR:gbm_wrapper.cc(255)] Failed to export buffer to dma_buf: Aucun fichier ou dossier de ce nom (2)
[11493:11493:0416/180539.002618:ERROR:gbm_wrapper.cc(72)] Failed to get fd for plane.: Aucun fichier ou dossier de ce nom (2)
[11493:11493:0416/180539.002743:ERROR:gbm_wrapper.cc(255)] Failed to export buffer to dma_buf: Aucun fichier ou dossier de ce nom (2)
[11493:11493:0416/180539.002871:ERROR:gbm_wrapper.cc(72)] Failed to get fd for plane.: Aucun fichier ou dossier de ce nom (2)
[11493:11493:0416/180539.002975:ERROR:gbm_wrapper.cc(255)] Failed to export buffer to dma_buf: Aucun fichier ou dossier de ce nom (2)
[11493:11493:0416/180539.003106:ERROR:gbm_wrapper.cc(72)] Failed to get fd for plane.: Aucun fichier ou dossier de ce nom (2)
[11493:11493:0416/180539.003206:ERROR:gbm_wrapper.cc(255)] Failed to export buffer to dma_buf: Aucun fichier ou dossier de ce nom (2)
[11493:11493:0416/180539.003366:ERROR:gbm_wrapper.cc(72)] Failed to get fd for plane.: Aucun fichier ou dossier de ce nom (2)
[11493:11493:0416/180539.003469:ERROR:gbm_wrapper.cc(255)] Failed to export buffer to dma_buf: Aucun fichier ou dossier de ce nom (2)
[11493:11493:0416/180539.003592:ERROR:gbm_wrapper.cc(72)] Failed to get fd for plane.: Aucun fichier ou dossier de ce nom (2)
[11493:11493:0416/180539.003690:ERROR:gbm_wrapper.cc(255)] Failed to export buffer to dma_buf: Aucun fichier ou dossier de ce nom (2)
[11493:11493:0416/180539.003809:ERROR:gbm_wrapper.cc(72)] Failed to get fd for plane.: Aucun fichier ou dossier de ce nom (2)
[11493:11493:0416/180539.003908:ERROR:gbm_wrapper.cc(255)] Failed to export buffer to dma_buf: Aucun fichier ou dossier de ce nom (2)
[11493:11493:0416/180539.004031:ERROR:gbm_wrapper.cc(72)] Failed to get fd for plane.: Aucun fichier ou dossier de ce nom (2)
[11493:11493:0416/180539.004130:ERROR:gbm_wrapper.cc(255)] Failed to export buffer to dma_buf: Aucun fichier ou dossier de ce nom (2)
[11493:11493:0416/180539.009339:WARNING:sandbox_linux.cc(418)] InitializeSandbox() called with multiple threads in process gpu-process.
[11531:1:0416/180539.110616:WARNING:runtime_features.cc(728)] AttributionReportingCrossAppWeb cannot be enabled in this configuration. Use --enable-features=ConversionMeasurement,AttributionReportingCrossAppWeb in addition.
[11532:1:0416/180539.115897:WARNING:runtime_features.cc(728)] AttributionReportingCrossAppWeb cannot be enabled in this configuration. Use --enable-features=ConversionMeasurement,AttributionReportingCrossAppWeb in addition.
[11444:11444:0416/180539.344669:WARNING:bluez_dbus_manager.cc(248)] Floss manager not present, cannot set Floss enable/disable.
[11444:11444:0416/180540.551602:ERROR:object_proxy.cc(576)] Failed to call method: org.freedesktop.ScreenSaver.GetActive: object_path= /org/freedesktop/ScreenSaver: org.freedesktop.DBus.Error.NotSupported: This method is not implemented
[11444:11444:0416/180540.887243:INFO:CONSOLE(32)] "Slow network is detected. See https://www.chromestatus.com/feature/5636954674692096 for more details. Fallback font will be used while loading: chrome://resources/roboto/roboto-regular.woff2", source: chrome://new-tab-page/ (32)
[11558:1:0416/180541.195983:WARNING:runtime_features.cc(728)] AttributionReportingCrossAppWeb cannot be enabled in this configuration. Use --enable-features=ConversionMeasurement,AttributionReportingCrossAppWeb in addition.
[11568:1:0416/180541.467202:WARNING:runtime_features.cc(728)] AttributionReportingCrossAppWeb cannot be enabled in this configuration. Use --enable-features=ConversionMeasurement,AttributionReportingCrossAppWeb in addition.
[11444:11444:0416/180542.040695:INFO:CONSOLE(0)] "Slow network is detected. See https://www.chromestatus.com/feature/5636954674692096 for more details. Fallback font will be used while loading: chrome://resources/roboto/roboto-medium.woff2", source: chrome://new-tab-page/ (0)
[11444:11444:0416/180542.128672:INFO:CONSOLE(0)] "Error with Permissions-Policy header: Origin trial controlled feature not enabled: 'attribution-reporting'.", source:  (0)
[11444:11444:0416/180542.128826:INFO:CONSOLE(0)] "Error with Permissions-Policy header: Unrecognized feature: 'bluetooth'.", source:  (0)
[11444:11444:0416/180542.128916:INFO:CONSOLE(0)] "Error with Permissions-Policy header: Origin trial controlled feature not enabled: 'compute-pressure'.", source:  (0)
[11444:11444:0416/180542.128980:INFO:CONSOLE(0)] "Error with Permissions-Policy header: Origin trial controlled feature not enabled: 'interest-cohort'.", source:  (0)
[11444:11444:0416/180542.129042:INFO:CONSOLE(0)] "Error with Permissions-Policy header: Origin trial controlled feature not enabled: 'shared-storage'.", source:  (0)
[11444:11444:0416/180542.129117:INFO:CONSOLE(0)] "Error with Permissions-Policy header: Origin trial controlled feature not enabled: 'shared-storage-select-url'.", source:  (0)
[11589:1:0416/180542.136096:WARNING:runtime_features.cc(728)] AttributionReportingCrossAppWeb cannot be enabled in this configuration. Use --enable-features=ConversionMeasurement,AttributionReportingCrossAppWeb in addition.
[11444:11444:0416/180542.269877:INFO:CONSOLE(152)] "Event handler of 'x-storagemutated-1' event must be added on the initial evaluation of worker script.", source: https://static.whatsapp.net/rsrc.php/v4/yG/r/hH6PK2LWiB6.js (152)
[11493:11493:0416/180546.157023:ERROR:gl_surface_presentation_helper.cc(260)] GetVSyncParametersIfAvailable() failed for 1 times!
[11493:11493:0416/180554.436517:ERROR:gl_surface_presentation_helper.cc(260)] GetVSyncParametersIfAvailable() failed for 2 times!
[11493:11493:0416/180557.745525:ERROR:gl_surface_presentation_helper.cc(260)] GetVSyncParametersIfAvailable() failed for 3 times!
[11444:11444:0416/180615.925288:WARNING:pref_notifier_impl.cc(41)] Pref observer for media_router.cast_allow_all_ips found at shutdown.
